<?xml version="1.0" encoding="UTF-8"?>
<testng-results ignored="0" total="3" passed="2" failed="1" skipped="0">
  <reporter-output>
    <line>
      <![CDATA[Browser opened]]>
    </line>
    <line>
      <![CDATA[[ Test script execution starts from here. ]]]>
    </line>
    <line>
      <![CDATA[doFailedLogin [ Test script execution failed. ]]]>
    </line>
    <line>
      <![CDATA[[ Test script execution starts from here. ]]]>
    </line>
    <line>
      <![CDATA[doLogin [ Test script executed successfully. ]]]>
    </line>
    <line>
      <![CDATA[[ Test script execution starts from here. ]]]>
    </line>
    <line>
      <![CDATA[doLogout [ Test script executed successfully. ]]]>
    </line>
    <line>
      <![CDATA[closeBrowser]]>
    </line>
  </reporter-output>
  <suite started-at="2025-05-28T22:32:14 IST" name="Default suite" finished-at="2025-05-28T22:32:36 IST" duration-ms="22199">
    <groups>
    </groups>
    <test started-at="2025-05-28T22:32:14 IST" name="Default test" finished-at="2025-05-28T22:32:36 IST" duration-ms="22199">
      <class name="com.orangehrms.testscript.LoginPageTest">
        <test-method is-config="true" signature="openBrowser()[pri:0, instance:com.orangehrms.testscript.LoginPageTest@10e31a9a]" started-at="2025-05-28T22:32:15 IST" name="openBrowser" finished-at="2025-05-28T22:32:22 IST" duration-ms="7339" status="PASS">
          <reporter-output>
            <line>
              <![CDATA[Browser opened]]>
            </line>
          </reporter-output>
        </test-method> <!-- openBrowser -->
        <test-method signature="doFailedLogin()[pri:1, instance:com.orangehrms.testscript.LoginPageTest@10e31a9a]" started-at="2025-05-28T22:32:22 IST" name="doFailedLogin" description="Login with invalid password" finished-at="2025-05-28T22:32:30 IST" duration-ms="8053" status="FAIL">
          <exception class="java.lang.AssertionError">
            <message>
              <![CDATA[expected [true] but found [false]]]>
            </message>
            <full-stacktrace>
              <![CDATA[java.lang.AssertionError: expected [true] but found [false]
at org.testng.Assert.fail(Assert.java:99)
at org.testng.Assert.failNotEquals(Assert.java:1037)
at org.testng.Assert.assertTrue(Assert.java:45)
at org.testng.Assert.assertTrue(Assert.java:55)
at com.orangehrms.testscript.LoginPageTest.doFailedLogin(LoginPageTest.java:27)
at java.base/jdk.internal.reflect.DirectMethodHandleAccessor.invoke(DirectMethodHandleAccessor.java:104)
at java.base/java.lang.reflect.Method.invoke(Method.java:578)
at org.testng.internal.MethodInvocationHelper.invokeMethod(MethodInvocationHelper.java:133)
at org.testng.internal.TestInvoker.invokeMethod(TestInvoker.java:598)
at org.testng.internal.TestInvoker.invokeTestMethod(TestInvoker.java:173)
at org.testng.internal.MethodRunner.runInSequence(MethodRunner.java:46)
at org.testng.internal.TestInvoker$MethodInvocationAgent.invoke(TestInvoker.java:824)
at org.testng.internal.TestInvoker.invokeTestMethods(TestInvoker.java:146)
at org.testng.internal.TestMethodWorker.invokeTestMethods(TestMethodWorker.java:146)
at org.testng.internal.TestMethodWorker.run(TestMethodWorker.java:128)
at java.base/java.util.ArrayList.forEach(ArrayList.java:1511)
at org.testng.TestRunner.privateRun(TestRunner.java:794)
at org.testng.TestRunner.run(TestRunner.java:596)
at org.testng.SuiteRunner.runTest(SuiteRunner.java:377)
at org.testng.SuiteRunner.runSequentially(SuiteRunner.java:371)
at org.testng.SuiteRunner.privateRun(SuiteRunner.java:332)
at org.testng.SuiteRunner.run(SuiteRunner.java:276)
at org.testng.SuiteRunnerWorker.runSuite(SuiteRunnerWorker.java:53)
at org.testng.SuiteRunnerWorker.run(SuiteRunnerWorker.java:96)
at org.testng.TestNG.runSuitesSequentially(TestNG.java:1212)
at org.testng.TestNG.runSuitesLocally(TestNG.java:1134)
at org.testng.TestNG.runSuites(TestNG.java:1063)
at org.testng.TestNG.run(TestNG.java:1031)
at org.testng.remote.AbstractRemoteTestNG.run(AbstractRemoteTestNG.java:115)
at org.testng.remote.RemoteTestNG.initAndRun(RemoteTestNG.java:251)
at org.testng.remote.RemoteTestNG.main(RemoteTestNG.java:77)
]]>
            </full-stacktrace>
          </exception> <!-- java.lang.AssertionError -->
          <reporter-output>
            <line>
              <![CDATA[[ Test script execution starts from here. ]]]>
            </line>
            <line>
              <![CDATA[doFailedLogin [ Test script execution failed. ]]]>
            </line>
          </reporter-output>
        </test-method> <!-- doFailedLogin -->
        <test-method signature="doLogin()[pri:2, instance:com.orangehrms.testscript.LoginPageTest@10e31a9a]" started-at="2025-05-28T22:32:30 IST" name="doLogin" description="Login with valid username and valid password" finished-at="2025-05-28T22:32:33 IST" duration-ms="2662" status="PASS">
          <reporter-output>
            <line>
              <![CDATA[[ Test script execution starts from here. ]]]>
            </line>
            <line>
              <![CDATA[doLogin [ Test script executed successfully. ]]]>
            </line>
          </reporter-output>
        </test-method> <!-- doLogin -->
        <test-method signature="doLogout()[pri:3, instance:com.orangehrms.testscript.LoginPageTest@10e31a9a]" started-at="2025-05-28T22:32:33 IST" name="doLogout" description="Logs Out" finished-at="2025-05-28T22:32:36 IST" duration-ms="2724" status="PASS">
          <reporter-output>
            <line>
              <![CDATA[[ Test script execution starts from here. ]]]>
            </line>
            <line>
              <![CDATA[doLogout [ Test script executed successfully. ]]]>
            </line>
          </reporter-output>
        </test-method> <!-- doLogout -->
        <test-method is-config="true" signature="closeBrowser()[pri:0, instance:com.orangehrms.testscript.LoginPageTest@10e31a9a]" started-at="2025-05-28T22:32:36 IST" name="closeBrowser" finished-at="2025-05-28T22:32:36 IST" duration-ms="462" status="PASS">
          <reporter-output>
            <line>
              <![CDATA[closeBrowser]]>
            </line>
          </reporter-output>
        </test-method> <!-- closeBrowser -->
      </class> <!-- com.orangehrms.testscript.LoginPageTest -->
    </test> <!-- Default test -->
  </suite> <!-- Default suite -->
</testng-results>
